#
# A fatal error has been detected by the Java Runtime Environment:
#
#  SIGSEGV (0xb) at pc=0x0000003826c27a30, pid=12741, tid=140634015995648
#
# JRE version: 7.0_06-b24
# Java VM: Java HotSpot(TM) 64-Bit Server VM (23.2-b09 mixed mode linux-amd64 compressed oops)
# Problematic frame:
# C  [libdbus-1.so.3+0x27a30]  getenv+0x27a30
#
# Failed to write core dump. Core dumps have been disabled. To enable core dumping, try "ulimit -c unlimited" before starting Java again
#
# If you would like to submit a bug report, please visit:
#   http://bugreport.sun.com/bugreport/crash.jsp
# The crash happened outside the Java Virtual Machine in native code.
# See problematic frame for where to report the bug.
#

---------------  T H R E A D  ---------------

Current thread (0x00007fe7a075c800):  JavaThread "pool-2-thread-3" [_thread_in_native, id=12819, stack(0x00007fe7e8811000,0x00007fe7e8912000)]

siginfo:si_signo=SIGSEGV: si_errno=0, si_code=1 (SEGV_MAPERR), si_addr=0x0000000000000008

Registers:
RAX=0x0000000000000000, RBX=0x00007fe78c0161c0, RCX=0x000000382200e61d, RDX=0x00007fe7e890de38
RSP=0x00007fe7e890ddf8, RBP=0x00007fe78801b380, RSI=0x0000000000000000, RDI=0x00007fe78801b3f0
R8 =0x00007fe78801b3d0, R9 =0x00007fe78801b4f0, R10=0x0000000000000000, R11=0x0000000000000000
R12=0x00007fe78801b3f0, R13=0x0000000000000000, R14=0x00007fe7e890de38, R15=0x000000000000003c
RIP=0x0000003826c27a30, EFLAGS=0x0000000000010206, CSGSFS=0x0000000000000033, ERR=0x0000000000000004
  TRAPNO=0x000000000000000e

Top of Stack: (sp=0x00007fe7e890ddf8)
0x00007fe7e890ddf8:   0000003826c18680 00007fe78c015ee0
0x00007fe7e890de08:   00007fe78801b380 00007fe78c015fc0
0x00007fe7e890de18:   00000000000000dc 00007fe78c015988
0x00007fe7e890de28:   0000003826c0c45e 00007fe78801b380
0x00007fe7e890de38:   00007fe78801ac00 00007fe78c0158d0
0x00007fe7e890de48:   00000000000000dc 00007fe78801b380
0x00007fe7e890de58:   0000003826c24e4c 000000000000003c
0x00007fe7e890de68:   0000000000000000 0000000000000000
0x00007fe7e890de78:   0000003826c29366 000000000003616c
0x00007fe7e890de88:   00007fe78801b388 00007fe78801b3d0
0x00007fe7e890de98:   0000000000000000 000000100000004f
0x00007fe7e890dea8:   0000000000000001 00007fe78c0158d0
0x00007fe7e890deb8:   0000000000000001 0000000000000000
0x00007fe7e890dec8:   00000000ffffffff 0000000000000004
0x00007fe7e890ded8:   0000003826c25105 0000000000000003
0x00007fe7e890dee8:   0000000026c18169 0004000500000070
0x00007fe7e890def8:   00007fe78000f100 00007fe7e890df80
0x00007fe7e890df08:   00007fe78c0158d0 00007fe78c015ee0
0x00007fe7e890df18:   0000000000000007 00000000ffffffff
0x00007fe7e890df28:   00007fe7e890e1c8 0000000000000003
0x00007fe7e890df38:   0000003826c23ecd 00000000ffffffff
0x00007fe7e890df48:   0000000000000007 0000000000000000
0x00007fe7e890df58:   0000003826c0edd4 00007fe78c015ee0
0x00007fe7e890df68:   00007fe78c015ee0 00007fe780011d80
0x00007fe7e890df78:   00000000ffffffff 00007fe7e890e1c8
0x00007fe7e890df88:   0000003826c0ffe4 00007fe78000f9f0
0x00007fe7e890df98:   0000003826c10101 00007fe78c015ee0
0x00007fe7e890dfa8:   0000003826c0ed75 00007fe78c015ee0
0x00007fe7e890dfb8:   00007fe780011d80 00007fe78000f100
0x00007fe7e890dfc8:   0000000000000000 00007fe7800138f0
0x00007fe7e890dfd8:   000000382200e059 0000000000000000
0x00007fe7e890dfe8:   0000003826c0df0d 00007fe780011d80 

Instructions: (pc=0x0000003826c27a30)
0x0000003826c27a10:   10 c3 66 0f 1f 44 00 00 48 89 12 48 89 52 08 48
0x0000003826c27a20:   89 17 c3 0f 1f 44 00 00 48 89 d6 e9 70 fe ff ff
0x0000003826c27a30:   48 8b 46 08 48 39 f0 74 47 48 8b 16 48 89 42 08
0x0000003826c27a40:   48 8b 46 08 48 8b 16 48 89 10 48 39 37 74 11 48 

Register to memory mapping:

RAX=0x0000000000000000 is an unknown value
RBX=0x00007fe78c0161c0 is an unknown value
RCX=0x000000382200e61d: sendmsg+0x2d in /lib64/libpthread.so.0 at 0x0000003822000000
RDX=0x00007fe7e890de38 is pointing into the stack for thread: 0x00007fe7a075c800
RSP=0x00007fe7e890ddf8 is pointing into the stack for thread: 0x00007fe7a075c800
RBP=0x00007fe78801b380 is an unknown value
RSI=0x0000000000000000 is an unknown value
RDI=0x00007fe78801b3f0 is an unknown value
R8 =0x00007fe78801b3d0 is an unknown value
R9 =0x00007fe78801b4f0 is an unknown value
R10=0x0000000000000000 is an unknown value
R11=0x0000000000000000 is an unknown value
R12=0x00007fe78801b3f0 is an unknown value
R13=0x0000000000000000 is an unknown value
R14=0x00007fe7e890de38 is pointing into the stack for thread: 0x00007fe7a075c800
R15=0x000000000000003c is an unknown value


Stack: [0x00007fe7e8811000,0x00007fe7e8912000],  sp=0x00007fe7e890ddf8,  free space=1011k
Native frames: (J=compiled Java code, j=interpreted, Vv=VM code, C=native code)
C  [libdbus-1.so.3+0x27a30]  getenv+0x27a30

Java frames: (J=compiled Java code, j=interpreted, Vv=VM code)
j  sun.net.spi.DefaultProxySelector.getSystemProxy(Ljava/lang/String;Ljava/lang/String;)Ljava/net/Proxy;+0
j  sun.net.spi.DefaultProxySelector.access$100(Lsun/net/spi/DefaultProxySelector;Ljava/lang/String;Ljava/lang/String;)Ljava/net/Proxy;+3
j  sun.net.spi.DefaultProxySelector$2.run()Ljava/net/Proxy;+151
j  sun.net.spi.DefaultProxySelector$2.run()Ljava/lang/Object;+1
v  ~StubRoutines::call_stub
j  java.security.AccessController.doPrivileged(Ljava/security/PrivilegedAction;)Ljava/lang/Object;+0
j  sun.net.spi.DefaultProxySelector.select(Ljava/net/URI;)Ljava/util/List;+223
j  java.net.SocksSocketImpl.connect(Ljava/net/SocketAddress;I)V+300
j  java.net.Socket.connect(Ljava/net/SocketAddress;I)V+179
j  org.apache.maven.wagon.providers.http.httpclient.conn.scheme.PlainSocketFactory.connectSocket(Ljava/net/Socket;Ljava/net/InetSocketAddress;Ljava/net/InetSocketAddress;Lorg/apache/maven/wagon/providers/http/httpclient/params/HttpParams;)Ljava/net/Socket;+89
j  org.apache.maven.wagon.providers.http.httpclient.impl.conn.DefaultClientConnectionOperator.openConnection(Lorg/apache/maven/wagon/providers/http/httpclient/conn/OperatedClientConnection;Lorg/apache/maven/wagon/providers/http/httpclient/HttpHost;Ljava/net/InetAddress;Lorg/apache/maven/wagon/providers/http/httpclient/protocol/HttpContext;Lorg/apache/maven/wagon/providers/http/httpclient/params/HttpParams;)V+241
j  org.apache.maven.wagon.providers.http.httpclient.impl.conn.AbstractPoolEntry.open(Lorg/apache/maven/wagon/providers/http/httpclient/conn/routing/HttpRoute;Lorg/apache/maven/wagon/providers/http/httpclient/protocol/HttpContext;Lorg/apache/maven/wagon/providers/http/httpclient/params/HttpParams;)V+101
j  org.apache.maven.wagon.providers.http.httpclient.impl.conn.AbstractPooledConnAdapter.open(Lorg/apache/maven/wagon/providers/http/httpclient/conn/routing/HttpRoute;Lorg/apache/maven/wagon/providers/http/httpclient/protocol/HttpContext;Lorg/apache/maven/wagon/providers/http/httpclient/params/HttpParams;)V+17
j  org.apache.maven.wagon.providers.http.httpclient.impl.client.DefaultRequestDirector.tryConnect(Lorg/apache/maven/wagon/providers/http/httpclient/impl/client/RoutedRequest;Lorg/apache/maven/wagon/providers/http/httpclient/protocol/HttpContext;)V+33
j  org.apache.maven.wagon.providers.http.httpclient.impl.client.DefaultRequestDirector.execute(Lorg/apache/maven/wagon/providers/http/httpclient/HttpHost;Lorg/apache/maven/wagon/providers/http/httpclient/HttpRequest;Lorg/apache/maven/wagon/providers/http/httpclient/protocol/HttpContext;)Lorg/apache/maven/wagon/providers/http/httpclient/HttpResponse;+345
j  org.apache.maven.wagon.providers.http.httpclient.impl.client.AbstractHttpClient.execute(Lorg/apache/maven/wagon/providers/http/httpclient/HttpHost;Lorg/apache/maven/wagon/providers/http/httpclient/HttpRequest;Lorg/apache/maven/wagon/providers/http/httpclient/protocol/HttpContext;)Lorg/apache/maven/wagon/providers/http/httpclient/HttpResponse;+129
j  org.apache.maven.wagon.providers.http.httpclient.impl.client.AbstractHttpClient.execute(Lorg/apache/maven/wagon/providers/http/httpclient/client/methods/HttpUriRequest;Lorg/apache/maven/wagon/providers/http/httpclient/protocol/HttpContext;)Lorg/apache/maven/wagon/providers/http/httpclient/HttpResponse;+21
j  org.apache.maven.wagon.shared.http4.AbstractHttpClientWagon.execute(Lorg/apache/maven/wagon/providers/http/httpclient/client/methods/HttpUriRequest;)Lorg/apache/maven/wagon/providers/http/httpclient/HttpResponse;+162
j  org.apache.maven.wagon.shared.http4.AbstractHttpClientWagon.fillInputData(Lorg/apache/maven/wagon/InputData;)V+181
j  org.apache.maven.wagon.StreamWagon.getInputStream(Lorg/apache/maven/wagon/resource/Resource;)Ljava/io/InputStream;+15
j  org.apache.maven.wagon.StreamWagon.getIfNewer(Ljava/lang/String;Ljava/io/File;J)Z+29
j  org.apache.maven.wagon.StreamWagon.get(Ljava/lang/String;Ljava/io/File;)V+4
j  org.sonatype.aether.connector.wagon.WagonRepositoryConnector$GetTask.run()V+285
j  org.sonatype.aether.util.concurrency.RunnableErrorForwarder$1.run()V+4
j  java.util.concurrent.ThreadPoolExecutor.runWorker(Ljava/util/concurrent/ThreadPoolExecutor$Worker;)V+46
j  java.util.concurrent.ThreadPoolExecutor$Worker.run()V+5
j  java.lang.Thread.run()V+11
v  ~StubRoutines::call_stub

---------------  P R O C E S S  ---------------

Java Threads: ( => current thread )
  0x00007fe7a075e000 JavaThread "pool-2-thread-5" [_thread_in_native, id=12821, stack(0x00007fe7e860f000,0x00007fe7e8710000)]
  0x00007fe7a075d800 JavaThread "pool-2-thread-4" [_thread_in_native, id=12820, stack(0x00007fe7e8710000,0x00007fe7e8811000)]
=>0x00007fe7a075c800 JavaThread "pool-2-thread-3" [_thread_in_native, id=12819, stack(0x00007fe7e8811000,0x00007fe7e8912000)]
  0x00007fe7a0744800 JavaThread "pool-2-thread-2" [_thread_in_native, id=12818, stack(0x00007fe7e8c90000,0x00007fe7e8d91000)]
  0x00007fe7a075a000 JavaThread "pool-2-thread-1" [_thread_in_native, id=12817, stack(0x00007fe7e8b8f000,0x00007fe7e8c90000)]
  0x00007fe7a03aa000 JavaThread "resolver-5" daemon [_thread_blocked, id=12789, stack(0x00007fe7e8d91000,0x00007fe7e8e92000)]
  0x00007fe7a00c3000 JavaThread "resolver-4" daemon [_thread_blocked, id=12768, stack(0x00007fe7e8e92000,0x00007fe7e8f93000)]
  0x00007fe7a00c4000 JavaThread "resolver-3" daemon [_thread_blocked, id=12767, stack(0x00007fe7e8f93000,0x00007fe7e9094000)]
  0x00007fe7a00bb000 JavaThread "resolver-2" daemon [_thread_blocked, id=12766, stack(0x00007fe7e9094000,0x00007fe7e9195000)]
  0x00007fe7a00ba000 JavaThread "resolver-1" daemon [_thread_blocked, id=12765, stack(0x00007fe7e9195000,0x00007fe7e9296000)]
  0x00007fe7f40fd800 JavaThread "pool-1-thread-1" [_thread_blocked, id=12759, stack(0x00007fe7e9301000,0x00007fe7e9402000)]
  0x00007fe7f4545000 JavaThread "process reaper" daemon [_thread_blocked, id=12758, stack(0x00007fe7f8011000,0x00007fe7f8039000)]
  0x00007fe7f40ef800 JavaThread "Service Thread" daemon [_thread_blocked, id=12754, stack(0x00007fe7e992a000,0x00007fe7e9a2b000)]
  0x00007fe7f40ed800 JavaThread "C2 CompilerThread1" daemon [_thread_blocked, id=12753, stack(0x00007fe7e9a2b000,0x00007fe7e9b2c000)]
  0x00007fe7f40ea800 JavaThread "C2 CompilerThread0" daemon [_thread_blocked, id=12752, stack(0x00007fe7e9b2c000,0x00007fe7e9c2d000)]
  0x00007fe7f40e8800 JavaThread "Signal Dispatcher" daemon [_thread_blocked, id=12751, stack(0x00007fe7e9c2d000,0x00007fe7e9d2e000)]
  0x00007fe7f409a800 JavaThread "Finalizer" daemon [_thread_blocked, id=12750, stack(0x00007fe7e9d2e000,0x00007fe7e9e2f000)]
  0x00007fe7f4098000 JavaThread "Reference Handler" daemon [_thread_blocked, id=12749, stack(0x00007fe7e9e2f000,0x00007fe7e9f30000)]
  0x00007fe7f4007800 JavaThread "main" [_thread_blocked, id=12743, stack(0x00007fe7f9d43000,0x00007fe7f9e44000)]

Other Threads:
  0x00007fe7f4090800 VMThread [stack: 0x00007fe7f004c000,0x00007fe7f014d000] [id=12748]
  0x00007fe7f4102800 WatcherThread [stack: 0x00007fe7e9829000,0x00007fe7e992a000] [id=12755]

VM state:not at safepoint (normal execution)

VM Mutex/Monitor currently owned by a thread: None

Heap
 PSYoungGen      total 128320K, used 55395K [0x00000000ebd60000, 0x00000000f8ae0000, 0x0000000100000000)
  eden space 114368K, 41% used [0x00000000ebd60000,0x00000000eeba7ea0,0x00000000f2d10000)
  from space 13952K, 57% used [0x00000000f2d10000,0x00000000f34e10b0,0x00000000f3ab0000)
  to   space 13696K, 0% used [0x00000000f7d80000,0x00000000f7d80000,0x00000000f8ae0000)
 ParOldGen       total 41280K, used 18088K [0x00000000c3800000, 0x00000000c6050000, 0x00000000ebd60000)
  object space 41280K, 43% used [0x00000000c3800000,0x00000000c49aa300,0x00000000c6050000)
 PSPermGen       total 23552K, used 23520K [0x00000000be600000, 0x00000000bfd00000, 0x00000000c3800000)
  object space 23552K, 99% used [0x00000000be600000,0x00000000bfcf80a0,0x00000000bfd00000)

Card table byte_map: [0x00007fe7f91f7000,0x00007fe7f9405000] byte_map_base: 0x00007fe7f8c04000

Polling page: 0x00007fe7fad9f000

Code Cache  [0x00007fe7f1000000, 0x00007fe7f1270000, 0x00007fe7f4000000)
 total_blobs=900 nmethods=588 adapters=264 free_code_cache=47063Kb largest_free_block=48138560

Compilation events (10 events):
Event: 29,295 Thread 0x00007fe7f40ed800 nmethod 620 0x00007fe7f119ff10 code [0x00007fe7f11a0040, 0x00007fe7f11a00b8]
Event: 29,296 Thread 0x00007fe7f40ed800  621             java.nio.DirectLongBufferU::ix (10 bytes)
Event: 29,297 Thread 0x00007fe7f40ed800 nmethod 621 0x00007fe7f1200e10 code [0x00007fe7f1200f40, 0x00007fe7f1200f98]
Event: 29,311 Thread 0x00007fe7f40ea800 nmethod 618 0x00007fe7f11fae10 code [0x00007fe7f11fb000, 0x00007fe7f11fbd18]
Event: 29,321 Thread 0x00007fe7f40ed800  622             java.lang.ref.Finalizer::register (10 bytes)
Event: 29,321 Thread 0x00007fe7f40ea800  623             java.lang.ref.Finalizer::<init> (23 bytes)
Event: 29,328 Thread 0x00007fe7f40ea800 nmethod 623 0x00007fe7f1200890 code [0x00007fe7f12009e0, 0x00007fe7f1200d18]
Event: 29,329 Thread 0x00007fe7f40ea800  624   !         java.lang.ref.Finalizer::add (41 bytes)
Event: 29,334 Thread 0x00007fe7f40ed800 nmethod 622 0x00007fe7f1200250 code [0x00007fe7f12003a0, 0x00007fe7f1200718]
Event: 29,339 Thread 0x00007fe7f40ea800 nmethod 624 0x00007fe7f11f8f10 code [0x00007fe7f11f9060, 0x00007fe7f11f9318]

GC Heap History (10 events):
Event: 9,178 GC heap before
{Heap before GC invocations=5 (full 0):
 PSYoungGen      total 33536K, used 33504K [0x00000000ebd60000, 0x00000000ee0a0000, 0x0000000100000000)
  eden space 30976K, 100% used [0x00000000ebd60000,0x00000000edba0000,0x00000000edba0000)
  from space 2560K, 98% used [0x00000000ede20000,0x00000000ee098040,0x00000000ee0a0000)
  to   space 2560K, 0% used [0x00000000edba0000,0x00000000edba0000,0x00000000ede20000)
 ParOldGen       total 41280K, used 4325K [0x00000000c3800000, 0x00000000c6050000, 0x00000000ebd60000)
  object space 41280K, 10% used [0x00000000c3800000,0x00000000c3c39718,0x00000000c6050000)
 PSPermGen       total 21248K, used 12667K [0x00000000be600000, 0x00000000bfac0000, 0x00000000c3800000)
  object space 21248K, 59% used [0x00000000be600000,0x00000000bf25ee58,0x00000000bfac0000)
Event: 9,211 GC heap after
Heap after GC invocations=5 (full 0):
 PSYoungGen      total 33536K, used 2560K [0x00000000ebd60000, 0x00000000f0540000, 0x0000000100000000)
  eden space 30976K, 0% used [0x00000000ebd60000,0x00000000ebd60000,0x00000000edba0000)
  from space 2560K, 100% used [0x00000000edba0000,0x00000000ede20000,0x00000000ede20000)
  to   space 5824K, 0% used [0x00000000eff90000,0x00000000eff90000,0x00000000f0540000)
 ParOldGen       total 41280K, used 6595K [0x00000000c3800000, 0x00000000c6050000, 0x00000000ebd60000)
  object space 41280K, 15% used [0x00000000c3800000,0x00000000c3e70e68,0x00000000c6050000)
 PSPermGen       total 21248K, used 12667K [0x00000000be600000, 0x00000000bfac0000, 0x00000000c3800000)
  object space 21248K, 59% used [0x00000000be600000,0x00000000bf25ee58,0x00000000bfac0000)
}
Event: 12,591 GC heap before
{Heap before GC invocations=6 (full 0):
 PSYoungGen      total 33536K, used 33536K [0x00000000ebd60000, 0x00000000f0540000, 0x0000000100000000)
  eden space 30976K, 100% used [0x00000000ebd60000,0x00000000edba0000,0x00000000edba0000)
  from space 2560K, 100% used [0x00000000edba0000,0x00000000ede20000,0x00000000ede20000)
  to   space 5824K, 0% used [0x00000000eff90000,0x00000000eff90000,0x00000000f0540000)
 ParOldGen       total 41280K, used 6595K [0x00000000c3800000, 0x00000000c6050000, 0x00000000ebd60000)
  object space 41280K, 15% used [0x00000000c3800000,0x00000000c3e70e68,0x00000000c6050000)
 PSPermGen       total 21248K, used 16654K [0x00000000be600000, 0x00000000bfac0000, 0x00000000c3800000)
  object space 21248K, 78% used [0x00000000be600000,0x00000000bf643ae8,0x00000000bfac0000)
Event: 12,787 GC heap after
Heap after GC invocations=6 (full 0):
 PSYoungGen      total 64128K, used 5799K [0x00000000ebd60000, 0x00000000f0c60000, 0x0000000100000000)
  eden space 58304K, 0% used [0x00000000ebd60000,0x00000000ebd60000,0x00000000ef650000)
  from space 5824K, 99% used [0x00000000eff90000,0x00000000f0539c58,0x00000000f0540000)
  to   space 9472K, 0% used [0x00000000ef650000,0x00000000ef650000,0x00000000eff90000)
 ParOldGen       total 41280K, used 11633K [0x00000000c3800000, 0x00000000c6050000, 0x00000000ebd60000)
  object space 41280K, 28% used [0x00000000c3800000,0x00000000c435c6d8,0x00000000c6050000)
 PSPermGen       total 21248K, used 16654K [0x00000000be600000, 0x00000000bfac0000, 0x00000000c3800000)
  object space 21248K, 78% used [0x00000000be600000,0x00000000bf643ae8,0x00000000bfac0000)
}
Event: 17,177 GC heap before
{Heap before GC invocations=7 (full 0):
 PSYoungGen      total 64128K, used 64103K [0x00000000ebd60000, 0x00000000f0c60000, 0x0000000100000000)
  eden space 58304K, 100% used [0x00000000ebd60000,0x00000000ef650000,0x00000000ef650000)
  from space 5824K, 99% used [0x00000000eff90000,0x00000000f0539c58,0x00000000f0540000)
  to   space 9472K, 0% used [0x00000000ef650000,0x00000000ef650000,0x00000000eff90000)
 ParOldGen       total 41280K, used 11633K [0x00000000c3800000, 0x00000000c6050000, 0x00000000ebd60000)
  object space 41280K, 28% used [0x00000000c3800000,0x00000000c435c6d8,0x00000000c6050000)
 PSPermGen       total 21248K, used 17853K [0x00000000be600000, 0x00000000bfac0000, 0x00000000c3800000)
  object space 21248K, 84% used [0x00000000be600000,0x00000000bf76f550,0x00000000bfac0000)
Event: 17,308 GC heap after
Heap after GC invocations=7 (full 0):
 PSYoungGen      total 67776K, used 9441K [0x00000000ebd60000, 0x00000000f4620000, 0x0000000100000000)
  eden space 58304K, 0% used [0x00000000ebd60000,0x00000000ebd60000,0x00000000ef650000)
  from space 9472K, 99% used [0x00000000ef650000,0x00000000eff88448,0x00000000eff90000)
  to   space 11712K, 0% used [0x00000000f3ab0000,0x00000000f3ab0000,0x00000000f4620000)
 ParOldGen       total 41280K, used 12881K [0x00000000c3800000, 0x00000000c6050000, 0x00000000ebd60000)
  object space 41280K, 31% used [0x00000000c3800000,0x00000000c4494670,0x00000000c6050000)
 PSPermGen       total 21248K, used 17853K [0x00000000be600000, 0x00000000bfac0000, 0x00000000c3800000)
  object space 21248K, 84% used [0x00000000be600000,0x00000000bf76f550,0x00000000bfac0000)
}
Event: 21,521 GC heap before
{Heap before GC invocations=8 (full 0):
 PSYoungGen      total 67776K, used 67745K [0x00000000ebd60000, 0x00000000f4620000, 0x0000000100000000)
  eden space 58304K, 100% used [0x00000000ebd60000,0x00000000ef650000,0x00000000ef650000)
  from space 9472K, 99% used [0x00000000ef650000,0x00000000eff88448,0x00000000eff90000)
  to   space 11712K, 0% used [0x00000000f3ab0000,0x00000000f3ab0000,0x00000000f4620000)
 ParOldGen       total 41280K, used 12881K [0x00000000c3800000, 0x00000000c6050000, 0x00000000ebd60000)
  object space 41280K, 31% used [0x00000000c3800000,0x00000000c4494670,0x00000000c6050000)
 PSPermGen       total 21248K, used 20045K [0x00000000be600000, 0x00000000bfac0000, 0x00000000c3800000)
  object space 21248K, 94% used [0x00000000be600000,0x00000000bf9935a8,0x00000000bfac0000)
Event: 21,791 GC heap after
Heap after GC invocations=8 (full 0):
 PSYoungGen      total 126080K, used 11691K [0x00000000ebd60000, 0x00000000f4a80000, 0x0000000100000000)
  eden space 114368K, 0% used [0x00000000ebd60000,0x00000000ebd60000,0x00000000f2d10000)
  from space 11712K, 99% used [0x00000000f3ab0000,0x00000000f461aed0,0x00000000f4620000)
  to   space 13952K, 0% used [0x00000000f2d10000,0x00000000f2d10000,0x00000000f3ab0000)
 ParOldGen       total 41280K, used 13782K [0x00000000c3800000, 0x00000000c6050000, 0x00000000ebd60000)
  object space 41280K, 33% used [0x00000000c3800000,0x00000000c4575868,0x00000000c6050000)
 PSPermGen       total 21248K, used 20045K [0x00000000be600000, 0x00000000bfac0000, 0x00000000c3800000)
  object space 21248K, 94% used [0x00000000be600000,0x00000000bf9935a8,0x00000000bfac0000)
}
Event: 25,986 GC heap before
{Heap before GC invocations=9 (full 0):
 PSYoungGen      total 126080K, used 126059K [0x00000000ebd60000, 0x00000000f4a80000, 0x0000000100000000)
  eden space 114368K, 100% used [0x00000000ebd60000,0x00000000f2d10000,0x00000000f2d10000)
  from space 11712K, 99% used [0x00000000f3ab0000,0x00000000f461aed0,0x00000000f4620000)
  to   space 13952K, 0% used [0x00000000f2d10000,0x00000000f2d10000,0x00000000f3ab0000)
 ParOldGen       total 41280K, used 13782K [0x00000000c3800000, 0x00000000c6050000, 0x00000000ebd60000)
  object space 41280K, 33% used [0x00000000c3800000,0x00000000c4575868,0x00000000c6050000)
 PSPermGen       total 21248K, used 20650K [0x00000000be600000, 0x00000000bfac0000, 0x00000000c3800000)
  object space 21248K, 97% used [0x00000000be600000,0x00000000bfa2aad8,0x00000000bfac0000)
Event: 26,047 GC heap after
Heap after GC invocations=9 (full 0):
 PSYoungGen      total 128320K, used 8004K [0x00000000ebd60000, 0x00000000f8ae0000, 0x0000000100000000)
  eden space 114368K, 0% used [0x00000000ebd60000,0x00000000ebd60000,0x00000000f2d10000)
  from space 13952K, 57% used [0x00000000f2d10000,0x00000000f34e10b0,0x00000000f3ab0000)
  to   space 13696K, 0% used [0x00000000f7d80000,0x00000000f7d80000,0x00000000f8ae0000)
 ParOldGen       total 41280K, used 18088K [0x00000000c3800000, 0x00000000c6050000, 0x00000000ebd60000)
  object space 41280K, 43% used [0x00000000c3800000,0x00000000c49aa300,0x00000000c6050000)
 PSPermGen       total 21248K, used 20650K [0x00000000be600000, 0x00000000bfac0000, 0x00000000c3800000)
  object space 21248K, 97% used [0x00000000be600000,0x00000000bfa2aad8,0x00000000bfac0000)
}

Deoptimization events (10 events):
Event: 28,826 Thread 0x00007fe7f40fd800 Uncommon trap -34 fr.pc 0x00007fe7f1165d30
Event: 28,837 Thread 0x00007fe7f40fd800 Uncommon trap -34 fr.pc 0x00007fe7f10c9f04
Event: 28,837 Thread 0x00007fe7f40fd800 Uncommon trap -34 fr.pc 0x00007fe7f108ce38
Event: 29,049 Thread 0x00007fe7f40fd800 Uncommon trap -34 fr.pc 0x00007fe7f10c9f04
Event: 29,049 Thread 0x00007fe7f40fd800 Uncommon trap -34 fr.pc 0x00007fe7f108ce38
Event: 29,108 Thread 0x00007fe7f40fd800 Uncommon trap -83 fr.pc 0x00007fe7f119f3ac
Event: 29,158 Thread 0x00007fe7a075c800 Uncommon trap -58 fr.pc 0x00007fe7f119dbc0
Event: 29,158 Thread 0x00007fe7a0744800 Uncommon trap -58 fr.pc 0x00007fe7f119dbc0
Event: 29,159 Thread 0x00007fe7a0744800 Uncommon trap -58 fr.pc 0x00007fe7f119dbc0
Event: 29,159 Thread 0x00007fe7a0744800 Uncommon trap -58 fr.pc 0x00007fe7f119dbc0

Internal exceptions (10 events):
Event: 29,421 Thread 0x00007fe7a075a000 Threw 0x00000000eeaa1a58 at /HUDSON/workspace/jdk7u6-2-build-linux-amd64-product/jdk7u6/hotspot/src/share/vm/prims/jvm.cpp:1166
Event: 29,421 Thread 0x00007fe7a075a000 Threw 0x00000000eeaa20a8 at /HUDSON/workspace/jdk7u6-2-build-linux-amd64-product/jdk7u6/hotspot/src/share/vm/prims/jvm.cpp:1166
Event: 29,425 Thread 0x00007fe7a075a000 Threw 0x00000000eeaaeb98 at /HUDSON/workspace/jdk7u6-2-build-linux-amd64-product/jdk7u6/hotspot/src/share/vm/prims/jvm.cpp:1166
Event: 29,425 Thread 0x00007fe7a075a000 Threw 0x00000000eeaaf228 at /HUDSON/workspace/jdk7u6-2-build-linux-amd64-product/jdk7u6/hotspot/src/share/vm/prims/jvm.cpp:1166
Event: 29,426 Thread 0x00007fe7a075a000 Threw 0x00000000eeab4b50 at /HUDSON/workspace/jdk7u6-2-build-linux-amd64-product/jdk7u6/hotspot/src/share/vm/prims/jvm.cpp:1166
Event: 29,426 Thread 0x00007fe7a075a000 Threw 0x00000000eeab53c0 at /HUDSON/workspace/jdk7u6-2-build-linux-amd64-product/jdk7u6/hotspot/src/share/vm/prims/jvm.cpp:1166
Event: 29,427 Thread 0x00007fe7a075a000 Threw 0x00000000eeabd280 at /HUDSON/workspace/jdk7u6-2-build-linux-amd64-product/jdk7u6/hotspot/src/share/vm/prims/jvm.cpp:1166
Event: 29,427 Thread 0x00007fe7a075a000 Threw 0x00000000eeabdaf0 at /HUDSON/workspace/jdk7u6-2-build-linux-amd64-product/jdk7u6/hotspot/src/share/vm/prims/jvm.cpp:1166
Event: 29,431 Thread 0x00007fe7a075a000 Threw 0x00000000eeac8a60 at /HUDSON/workspace/jdk7u6-2-build-linux-amd64-product/jdk7u6/hotspot/src/share/vm/prims/jvm.cpp:1166
Event: 29,431 Thread 0x00007fe7a075a000 Threw 0x00000000eeac9060 at /HUDSON/workspace/jdk7u6-2-build-linux-amd64-product/jdk7u6/hotspot/src/share/vm/prims/jvm.cpp:1166

Events (10 events):
Event: 29,529 loading class 0x00007fe78800f600
Event: 29,529 loading class 0x00007fe78800f600 done
Event: 29,531 loading class 0x00007fe7f40d9060
Event: 29,531 loading class 0x00007fe7f40d9060 done
Event: 29,531 loading class 0x00007fe7f40d9090
Event: 29,531 loading class 0x00007fe7f40d9090 done
Event: 29,571 loading class 0x00007fe78800f1c0
Event: 29,572 loading class 0x00007fe78800f1c0 done
Event: 29,572 Executing VM operation: RevokeBias
Event: 29,572 Executing VM operation: RevokeBias done


Dynamic libraries:
00400000-00401000 r-xp 00000000 fd:02 262331                             /usr/java/jdk1.7.0_06/bin/java
00600000-00601000 rw-p 00000000 fd:02 262331                             /usr/java/jdk1.7.0_06/bin/java
00b2e000-00b4f000 rw-p 00000000 00:00 0                                  [heap]
be600000-bfd00000 rw-p 00000000 00:00 0 
bfd00000-c3800000 rw-p 00000000 00:00 0 
c3800000-c6050000 rw-p 00000000 00:00 0 
c6050000-ebd60000 rw-p 00000000 00:00 0 
ebd60000-f8ae0000 rw-p 00000000 00:00 0 
f8ae0000-100000000 rw-p 00000000 00:00 0 
3821800000-3821820000 r-xp 00000000 fd:02 173274                         /usr/lib64/ld-2.15.so
3821a1f000-3821a20000 r--p 0001f000 fd:02 173274                         /usr/lib64/ld-2.15.so
3821a20000-3821a21000 rw-p 00020000 fd:02 173274                         /usr/lib64/ld-2.15.so
3821a21000-3821a22000 rw-p 00000000 00:00 0 
3821c00000-3821dac000 r-xp 00000000 fd:02 181112                         /usr/lib64/libc-2.15.so
3821dac000-3821fac000 ---p 001ac000 fd:02 181112                         /usr/lib64/libc-2.15.so
3821fac000-3821fb0000 r--p 001ac000 fd:02 181112                         /usr/lib64/libc-2.15.so
3821fb0000-3821fb2000 rw-p 001b0000 fd:02 181112                         /usr/lib64/libc-2.15.so
3821fb2000-3821fb7000 rw-p 00000000 00:00 0 
3822000000-3822016000 r-xp 00000000 fd:02 181115                         /usr/lib64/libpthread-2.15.so
3822016000-3822216000 ---p 00016000 fd:02 181115                         /usr/lib64/libpthread-2.15.so
3822216000-3822217000 r--p 00016000 fd:02 181115                         /usr/lib64/libpthread-2.15.so
3822217000-3822218000 rw-p 00017000 fd:02 181115                         /usr/lib64/libpthread-2.15.so
3822218000-382221c000 rw-p 00000000 00:00 0 
3822400000-3822403000 r-xp 00000000 fd:02 136427                         /usr/lib64/libdl-2.15.so
3822403000-3822602000 ---p 00003000 fd:02 136427                         /usr/lib64/libdl-2.15.so
3822602000-3822603000 r--p 00002000 fd:02 136427                         /usr/lib64/libdl-2.15.so
3822603000-3822604000 rw-p 00003000 fd:02 136427                         /usr/lib64/libdl-2.15.so
3822800000-3822807000 r-xp 00000000 fd:02 181116                         /usr/lib64/librt-2.15.so
3822807000-3822a06000 ---p 00007000 fd:02 181116                         /usr/lib64/librt-2.15.so
3822a06000-3822a07000 r--p 00006000 fd:02 181116                         /usr/lib64/librt-2.15.so
3822a07000-3822a08000 rw-p 00007000 fd:02 181116                         /usr/lib64/librt-2.15.so
3822c00000-3822c17000 r-xp 00000000 fd:02 181123                         /usr/lib64/libz.so.1.2.5
3822c17000-3822e16000 ---p 00017000 fd:02 181123                         /usr/lib64/libz.so.1.2.5
3822e16000-3822e17000 rw-p 00016000 fd:02 181123                         /usr/lib64/libz.so.1.2.5
3823000000-38230fa000 r-xp 00000000 fd:02 181113                         /usr/lib64/libm-2.15.so
38230fa000-38232f9000 ---p 000fa000 fd:02 181113                         /usr/lib64/libm-2.15.so
38232f9000-38232fa000 r--p 000f9000 fd:02 181113                         /usr/lib64/libm-2.15.so
38232fa000-38232fb000 rw-p 000fa000 fd:02 181113                         /usr/lib64/libm-2.15.so
3823400000-382341e000 r-xp 00000000 fd:02 181136                         /usr/lib64/libselinux.so.1
382341e000-382361d000 ---p 0001e000 fd:02 181136                         /usr/lib64/libselinux.so.1
382361d000-382361e000 r--p 0001d000 fd:02 181136                         /usr/lib64/libselinux.so.1
382361e000-382361f000 rw-p 0001e000 fd:02 181136                         /usr/lib64/libselinux.so.1
382361f000-3823621000 rw-p 00000000 00:00 0 
3823800000-382391d000 r-xp 00000000 fd:02 181117                         /usr/lib64/libglib-2.0.so.0.3200.4
382391d000-3823b1d000 ---p 0011d000 fd:02 181117                         /usr/lib64/libglib-2.0.so.0.3200.4
3823b1d000-3823b1e000 r--p 0011d000 fd:02 181117                         /usr/lib64/libglib-2.0.so.0.3200.4
3823b1e000-3823b1f000 rw-p 0011e000 fd:02 181117                         /usr/lib64/libglib-2.0.so.0.3200.4
3823b1f000-3823b20000 rw-p 00000000 00:00 0 
3823c00000-3823c16000 r-xp 00000000 fd:02 181137                         /usr/lib64/libresolv-2.15.so
3823c16000-3823e15000 ---p 00016000 fd:02 181137                         /usr/lib64/libresolv-2.15.so
3823e15000-3823e16000 r--p 00015000 fd:02 181137                         /usr/lib64/libresolv-2.15.so
3823e16000-3823e17000 rw-p 00016000 fd:02 181137                         /usr/lib64/libresolv-2.15.so
3823e17000-3823e19000 rw-p 00000000 00:00 0 
3824000000-3824001000 r-xp 00000000 fd:02 181130                         /usr/lib64/libgthread-2.0.so.0.3200.4
3824001000-3824200000 ---p 00001000 fd:02 181130                         /usr/lib64/libgthread-2.0.so.0.3200.4
3824200000-3824201000 r--p 00000000 fd:02 181130                         /usr/lib64/libgthread-2.0.so.0.3200.4
3824201000-3824202000 rw-p 00001000 fd:02 181130                         /usr/lib64/libgthread-2.0.so.0.3200.4
3824400000-382444b000 r-xp 00000000 fd:02 181132                         /usr/lib64/libgobject-2.0.so.0.3200.4
382444b000-382464b000 ---p 0004b000 fd:02 181132                         /usr/lib64/libgobject-2.0.so.0.3200.4
382464b000-382464c000 r--p 0004b000 fd:02 181132                         /usr/lib64/libgobject-2.0.so.0.3200.4
382464c000-382464d000 rw-p 0004c000 fd:02 181132                         /usr/lib64/libgobject-2.0.so.0.3200.4
3824800000-3824807000 r-xp 00000000 fd:02 181131                         /usr/lib64/libffi.so.5.0.10
3824807000-3824a06000 ---p 00007000 fd:02 181131                         /usr/lib64/libffi.so.5.0.10
3824a06000-3824a07000 r--p 00006000 fd:02 181131                         /usr/lib64/libffi.so.5.0.10
3824a07000-3824a08000 rw-p 00007000 fd:02 181131                         /usr/lib64/libffi.so.5.0.10
3824c00000-3824c03000 r-xp 00000000 fd:02 181118                         /usr/lib64/libgmodule-2.0.so.0.3200.4
3824c03000-3824e02000 ---p 00003000 fd:02 181118                         /usr/lib64/libgmodule-2.0.so.0.3200.4
3824e02000-3824e03000 r--p 00002000 fd:02 181118                         /usr/lib64/libgmodule-2.0.so.0.3200.4
3824e03000-3824e04000 rw-p 00003000 fd:02 181118                         /usr/lib64/libgmodule-2.0.so.0.3200.4
3825000000-3825146000 r-xp 00000000 fd:02 181138                         /usr/lib64/libgio-2.0.so.0.3200.4
3825146000-3825345000 ---p 00146000 fd:02 181138                         /usr/lib64/libgio-2.0.so.0.3200.4
3825345000-3825349000 r--p 00145000 fd:02 181138                         /usr/lib64/libgio-2.0.so.0.3200.4
3825349000-382534b000 rw-p 00149000 fd:02 181138                         /usr/lib64/libgio-2.0.so.0.3200.4
382534b000-382534d000 rw-p 00000000 00:00 0 
3825400000-3825415000 r-xp 00000000 fd:02 181151                         /usr/lib64/libgcc_s-4.7.2-20120921.so.1
3825415000-3825614000 ---p 00015000 fd:02 181151                         /usr/lib64/libgcc_s-4.7.2-20120921.so.1
3825614000-3825615000 rw-p 00014000 fd:02 181151                         /usr/lib64/libgcc_s-4.7.2-20120921.so.1
3826c00000-3826c43000 r-xp 00000000 fd:02 181204                         /usr/lib64/libdbus-1.so.3.5.6
3826c43000-3826e42000 ---p 00043000 fd:02 181204                         /usr/lib64/libdbus-1.so.3.5.6
3826e42000-3826e43000 r--p 00042000 fd:02 181204                         /usr/lib64/libdbus-1.so.3.5.6
3826e43000-3826e44000 rw-p 00043000 fd:02 181204                         /usr/lib64/libdbus-1.so.3.5.6
382e800000-382e825000 r-xp 00000000 fd:02 170740                         /usr/lib64/libdbus-glib-1.so.2.2.2
382e825000-382ea25000 ---p 00025000 fd:02 170740                         /usr/lib64/libdbus-glib-1.so.2.2.2
382ea25000-382ea26000 r--p 00025000 fd:02 170740                         /usr/lib64/libdbus-glib-1.so.2.2.2
382ea26000-382ea27000 rw-p 00026000 fd:02 170740                         /usr/lib64/libdbus-glib-1.so.2.2.2
3831800000-383182f000 r-xp 00000000 fd:02 181207                         /usr/lib64/libgconf-2.so.4.1.5
383182f000-3831a2e000 ---p 0002f000 fd:02 181207                         /usr/lib64/libgconf-2.so.4.1.5
3831a2e000-3831a2f000 r--p 0002e000 fd:02 181207                         /usr/lib64/libgconf-2.so.4.1.5
3831a2f000-3831a30000 rw-p 0002f000 fd:02 181207                         /usr/lib64/libgconf-2.so.4.1.5
7fe778000000-7fe778021000 rw-p 00000000 00:00 0 
7fe778021000-7fe77c000000 ---p 00000000 00:00 0 
7fe780000000-7fe780021000 rw-p 00000000 00:00 0 
7fe780021000-7fe784000000 ---p 00000000 00:00 0 
7fe784000000-7fe78403c000 rw-p 00000000 00:00 0 
7fe78403c000-7fe788000000 ---p 00000000 00:00 0 
7fe788000000-7fe788021000 rw-p 00000000 00:00 0 
7fe788021000-7fe78c000000 ---p 00000000 00:00 0 
7fe78c000000-7fe78c021000 rw-p 00000000 00:00 0 
7fe78c021000-7fe790000000 ---p 00000000 00:00 0 
7fe790000000-7fe790021000 rw-p 00000000 00:00 0 
7fe790021000-7fe794000000 ---p 00000000 00:00 0 
7fe794000000-7fe794021000 rw-p 00000000 00:00 0 
7fe794021000-7fe798000000 ---p 00000000 00:00 0 
7fe798000000-7fe798021000 rw-p 00000000 00:00 0 
7fe798021000-7fe79c000000 ---p 00000000 00:00 0 
7fe79c000000-7fe79c021000 rw-p 00000000 00:00 0 
7fe79c021000-7fe7a0000000 ---p 00000000 00:00 0 
7fe7a0000000-7fe7a0768000 rw-p 00000000 00:00 0 
7fe7a0768000-7fe7a4000000 ---p 00000000 00:00 0 
7fe7a4000000-7fe7a4021000 rw-p 00000000 00:00 0 
7fe7a4021000-7fe7a8000000 ---p 00000000 00:00 0 
7fe7a8000000-7fe7a8021000 rw-p 00000000 00:00 0 
7fe7a8021000-7fe7ac000000 ---p 00000000 00:00 0 
7fe7ac000000-7fe7ac021000 rw-p 00000000 00:00 0 
7fe7ac021000-7fe7b0000000 ---p 00000000 00:00 0 
7fe7b0000000-7fe7b158f000 rw-p 00000000 00:00 0 
7fe7b158f000-7fe7b4000000 ---p 00000000 00:00 0 
7fe7b4000000-7fe7b4021000 rw-p 00000000 00:00 0 
7fe7b4021000-7fe7b8000000 ---p 00000000 00:00 0 
7fe7b8000000-7fe7b8ba6000 rw-p 00000000 00:00 0 
7fe7b8ba6000-7fe7bc000000 ---p 00000000 00:00 0 
7fe7bdbd3000-7fe7c4000000 r--p 00000000 fd:02 181050                     /usr/lib/locale/locale-archive
7fe7c4000000-7fe7c4021000 rw-p 00000000 00:00 0 
7fe7c4021000-7fe7c8000000 ---p 00000000 00:00 0 
7fe7c8000000-7fe7c8021000 rw-p 00000000 00:00 0 
7fe7c8021000-7fe7cc000000 ---p 00000000 00:00 0 
7fe7cc000000-7fe7cc031000 rw-p 00000000 00:00 0 
7fe7cc031000-7fe7d0000000 ---p 00000000 00:00 0 
7fe7d0000000-7fe7d0021000 rw-p 00000000 00:00 0 
7fe7d0021000-7fe7d4000000 ---p 00000000 00:00 0 
7fe7d4000000-7fe7d4024000 rw-p 00000000 00:00 0 
7fe7d4024000-7fe7d8000000 ---p 00000000 00:00 0 
7fe7dc000000-7fe7dc021000 rw-p 00000000 00:00 0 
7fe7dc021000-7fe7e0000000 ---p 00000000 00:00 0 
7fe7e4000000-7fe7e4021000 rw-p 00000000 00:00 0 
7fe7e4021000-7fe7e8000000 ---p 00000000 00:00 0 
7fe7e81e8000-7fe7e81ed000 r-xp 00000000 fd:02 135305                     /usr/lib64/libnss_dns-2.15.so
7fe7e81ed000-7fe7e83ed000 ---p 00005000 fd:02 135305                     /usr/lib64/libnss_dns-2.15.so
7fe7e83ed000-7fe7e83ee000 r--p 00005000 fd:02 135305                     /usr/lib64/libnss_dns-2.15.so
7fe7e83ee000-7fe7e83ef000 rw-p 00006000 fd:02 135305                     /usr/lib64/libnss_dns-2.15.so
7fe7e83ef000-7fe7e83f1000 r-xp 00000000 fd:02 55714                      /usr/lib64/libnss_mdns4_minimal.so.2
7fe7e83f1000-7fe7e85f0000 ---p 00002000 fd:02 55714                      /usr/lib64/libnss_mdns4_minimal.so.2
7fe7e85f0000-7fe7e85f1000 r--p 00001000 fd:02 55714                      /usr/lib64/libnss_mdns4_minimal.so.2
7fe7e85f1000-7fe7e85f2000 rw-p 00002000 fd:02 55714                      /usr/lib64/libnss_mdns4_minimal.so.2
7fe7e860f000-7fe7e8612000 ---p 00000000 00:00 0 
7fe7e8612000-7fe7e8710000 rw-p 00000000 00:00 0                          [stack:12821]
7fe7e8710000-7fe7e8713000 ---p 00000000 00:00 0 
7fe7e8713000-7fe7e8811000 rw-p 00000000 00:00 0                          [stack:12820]
7fe7e8811000-7fe7e8814000 ---p 00000000 00:00 0 
7fe7e8814000-7fe7e8912000 rw-p 00000000 00:00 0                          [stack:12819]
7fe7e8912000-7fe7e8916000 r--s 0002d000 fd:02 394068                     /usr/java/jdk1.7.0_06/jre/lib/ext/sunjce_provider.jar
7fe7e8916000-7fe7e8948000 r-xp 00000000 fd:02 393928                     /usr/java/jdk1.7.0_06/jre/lib/amd64/libsunec.so
7fe7e8948000-7fe7e8b47000 ---p 00032000 fd:02 393928                     /usr/java/jdk1.7.0_06/jre/lib/amd64/libsunec.so
7fe7e8b47000-7fe7e8b4d000 rw-p 00031000 fd:02 393928                     /usr/java/jdk1.7.0_06/jre/lib/amd64/libsunec.so
7fe7e8b4d000-7fe7e8b5d000 rw-p 00000000 00:00 0 
7fe7e8b5d000-7fe7e8b61000 r--s 00037000 fd:02 394069                     /usr/java/jdk1.7.0_06/jre/lib/ext/sunpkcs11.jar
7fe7e8b61000-7fe7e8b62000 r--s 00005000 fd:03 6947227                    /home/daniel/.m2/repository/org/apache/maven/shared/maven-repository-builder/1.0-alpha-2/maven-repository-builder-1.0-alpha-2.jar
7fe7e8b62000-7fe7e8b66000 r--s 00033000 fd:03 6947224                    /home/daniel/.m2/repository/org/codehaus/plexus/plexus-utils/2.0.1/plexus-utils-2.0.1.jar
7fe7e8b66000-7fe7e8b67000 r--s 00004000 fd:03 6947221                    /home/daniel/.m2/repository/org/apache/maven/maven-archiver/2.4/maven-archiver-2.4.jar
7fe7e8b67000-7fe7e8b69000 r--s 0000a000 fd:03 6947219                    /home/daniel/.m2/repository/org/codehaus/plexus/plexus-io/1.0-alpha-4/plexus-io-1.0-alpha-4.jar
7fe7e8b69000-7fe7e8b6b000 r--s 00004000 fd:03 6947217                    /home/daniel/.m2/repository/org/codehaus/plexus/plexus-active-collections/1.0-beta-2/plexus-active-collections-1.0-beta-2.jar
7fe7e8b6b000-7fe7e8b6d000 r--s 00007000 fd:03 6947216                    /home/daniel/.m2/repository/org/apache/maven/shared/maven-filtering/1.0-beta-2/maven-filtering-1.0-beta-2.jar
7fe7e8b6d000-7fe7e8b6f000 r--s 00008000 fd:03 6947212                    /home/daniel/.m2/repository/org/apache/maven/shared/maven-shared-io/1.1/maven-shared-io-1.1.jar
7fe7e8b6f000-7fe7e8b71000 r--s 00006000 fd:03 6947210                    /home/daniel/.m2/repository/org/apache/maven/shared/file-management/1.1/file-management-1.1.jar
7fe7e8b71000-7fe7e8b75000 r--s 00028000 fd:03 6947208                    /home/daniel/.m2/repository/org/codehaus/plexus/plexus-archiver/1.0-alpha-12/plexus-archiver-1.0-alpha-12.jar
7fe7e8b75000-7fe7e8b77000 r--s 0000b000 fd:03 6947207                    /home/daniel/.m2/repository/org/codehaus/plexus/plexus-interpolation/1.7/plexus-interpolation-1.7.jar
7fe7e8b77000-7fe7e8b78000 r--s 00007000 fd:03 6947206                    /home/daniel/.m2/repository/org/apache/maven/shared/maven-plugin-testing-harness/1.1/maven-plugin-testing-harness-1.1.jar
7fe7e8b78000-7fe7e8b7a000 r--s 00006000 fd:03 6947209                    /home/daniel/.m2/repository/org/apache/maven/shared/maven-common-artifact-filters/1.1/maven-common-artifact-filters-1.1.jar
7fe7e8b7a000-7fe7e8b7e000 r--s 0002f000 fd:03 6817688                    /home/daniel/.m2/repository/org/apache/maven/plugins/maven-assembly-plugin/2.2-beta-5/maven-assembly-plugin-2.2-beta-5.jar
7fe7e8b7e000-7fe7e8b82000 r--s 00034000 fd:03 6817348                    /home/daniel/.m2/repository/org/codehaus/plexus/plexus-utils/3.0/plexus-utils-3.0.jar
7fe7e8b82000-7fe7e8b86000 r--s 0002f000 fd:03 6817347                    /home/daniel/.m2/repository/commons-lang/commons-lang/2.1/commons-lang-2.1.jar
7fe7e8b86000-7fe7e8b89000 r--s 0000c000 fd:03 6817350                    /home/daniel/.m2/repository/org/codehaus/plexus/plexus-io/2.0.1/plexus-io-2.0.1.jar
7fe7e8b89000-7fe7e8b8d000 r--s 00028000 fd:03 6817346                    /home/daniel/.m2/repository/org/codehaus/plexus/plexus-archiver/2.0.1/plexus-archiver-2.0.1.jar
7fe7e8b8d000-7fe7e8b8e000 r--s 00004000 fd:03 6817349                    /home/daniel/.m2/repository/org/apache/maven/maven-archiver/2.4.2/maven-archiver-2.4.2.jar
7fe7e8b8e000-7fe7e8b8f000 r--s 00007000 fd:03 6817001                    /home/daniel/.m2/repository/org/apache/maven/plugins/maven-jar-plugin/2.3.2/maven-jar-plugin-2.3.2.jar
7fe7e8b8f000-7fe7e8b92000 ---p 00000000 00:00 0 
7fe7e8b92000-7fe7e8c90000 rw-p 00000000 00:00 0                          [stack:12817]
7fe7e8c90000-7fe7e8c93000 ---p 00000000 00:00 0 
7fe7e8c93000-7fe7e8d91000 rw-p 00000000 00:00 0                          [stack:12818]
7fe7e8d91000-7fe7e8d94000 ---p 00000000 00:00 0 
7fe7e8d94000-7fe7e8e92000 rw-p 00000000 00:00 0                          [stack:12789]
7fe7e8e92000-7fe7e8e95000 ---p 00000000 00:00 0 
7fe7e8e95000-7fe7e8f93000 rw-p 00000000 00:00 0                          [stack:12768]
7fe7e8f93000-7fe7e8f96000 ---p 00000000 00:00 0 
7fe7e8f96000-7fe7e9094000 rw-p 00000000 00:00 0                          [stack:12767]
7fe7e9094000-7fe7e9097000 ---p 00000000 00:00 0 
7fe7e9097000-7fe7e9195000 rw-p 00000000 00:00 0                          [stack:12766]
7fe7e9195000-7fe7e9198000 ---p 00000000 00:00 0 
7fe7e9198000-7fe7e9296000 rw-p 00000000 00:00 0                          [stack:12765]
7fe7e9296000-7fe7e9301000 r--s 005da000 fd:02 394687                     /usr/java/jdk1.7.0_06/lib/tools.jar
7fe7e9301000-7fe7e9304000 ---p 00000000 00:00 0 
7fe7e9304000-7fe7e9402000 rw-p 00000000 00:00 0                          [stack:12759]
7fe7e9402000-7fe7e9417000 r-xp 00000000 fd:02 393919                     /usr/java/jdk1.7.0_06/jre/lib/amd64/libnet.so
7fe7e9417000-7fe7e9617000 ---p 00015000 fd:02 393919                     /usr/java/jdk1.7.0_06/jre/lib/amd64/libnet.so
7fe7e9617000-7fe7e9618000 rw-p 00015000 fd:02 393919                     /usr/java/jdk1.7.0_06/jre/lib/amd64/libnet.so
7fe7e9618000-7fe7e9628000 r-xp 00000000 fd:02 393920                     /usr/java/jdk1.7.0_06/jre/lib/amd64/libnio.so
7fe7e9628000-7fe7e9828000 ---p 00010000 fd:02 393920                     /usr/java/jdk1.7.0_06/jre/lib/amd64/libnio.so
7fe7e9828000-7fe7e9829000 rw-p 00010000 fd:02 393920                     /usr/java/jdk1.7.0_06/jre/lib/amd64/libnio.so
7fe7e9829000-7fe7e982a000 ---p 00000000 00:00 0 
7fe7e982a000-7fe7e992a000 rw-p 00000000 00:00 0                          [stack:12755]
7fe7e992a000-7fe7e992d000 ---p 00000000 00:00 0 
7fe7e992d000-7fe7e9a2b000 rw-p 00000000 00:00 0                          [stack:12754]
7fe7e9a2b000-7fe7e9a2e000 ---p 00000000 00:00 0 
7fe7e9a2e000-7fe7e9b2c000 rw-p 00000000 00:00 0                          [stack:12753]
7fe7e9b2c000-7fe7e9b2f000 ---p 00000000 00:00 0 
7fe7e9b2f000-7fe7e9c2d000 rw-p 00000000 00:00 0                          [stack:12752]
7fe7e9c2d000-7fe7e9c30000 ---p 00000000 00:00 0 
7fe7e9c30000-7fe7e9d2e000 rw-p 00000000 00:00 0                          [stack:12751]
7fe7e9d2e000-7fe7e9d31000 ---p 00000000 00:00 0 
7fe7e9d31000-7fe7e9e2f000 rw-p 00000000 00:00 0                          [stack:12750]
7fe7e9e2f000-7fe7e9e32000 ---p 00000000 00:00 0 
7fe7e9e32000-7fe7ec000000 rw-p 00000000 00:00 0                          [stack:12749]
7fe7ec000000-7fe7ec021000 rw-p 00000000 00:00 0 
7fe7ec021000-7fe7f0000000 ---p 00000000 00:00 0 
7fe7f0001000-7fe7f0002000 rw-p 00000000 00:00 0 
7fe7f0002000-7fe7f0003000 r--s 00003000 fd:02 394067                     /usr/java/jdk1.7.0_06/jre/lib/ext/sunec.jar
7fe7f0003000-7fe7f0006000 r--s 00018000 fd:02 394113                     /usr/java/jdk1.7.0_06/jre/lib/jce.jar
7fe7f0006000-7fe7f0008000 r--s 00005000 fd:03 6817050                    /home/daniel/.m2/repository/org/slf4j/slf4j-api/1.6.4/slf4j-api-1.6.4.jar
7fe7f0008000-7fe7f000b000 r--s 00012000 fd:03 6817578                    /home/daniel/.m2/repository/org/darwinsbox/Util/2.0-SNAPSHOT/Util-2.0-SNAPSHOT.jar
7fe7f000b000-7fe7f001a000 r--s 0009f000 fd:03 6817940                    /home/daniel/.m2/repository/com/google/inject/guice/3.0/guice-3.0.jar
7fe7f001a000-7fe7f001c000 r--s 00008000 fd:03 6947602                    /home/daniel/.m2/repository/com/google/inject/extensions/guice-assistedinject/3.0/guice-assistedinject-3.0.jar
7fe7f001c000-7fe7f001e000 r--s 00000000 fd:03 6817049                    /home/daniel/.m2/repository/aopalliance/aopalliance/1.0/aopalliance-1.0.jar
7fe7f001e000-7fe7f001f000 r--s 00000000 fd:03 6817048                    /home/daniel/.m2/repository/javax/inject/javax.inject/1/javax.inject-1.jar
7fe7f001f000-7fe7f002a000 r--s 0006c000 fd:03 6817053                    /home/daniel/.m2/repository/com/google/inject/guice/3.0/guice-3.0-no_aop.jar
7fe7f002a000-7fe7f002c000 r--s 00006000 fd:03 6816019                    /home/daniel/.m2/repository/com/google/code/findbugs/jsr305/2.0.0/jsr305-2.0.0.jar
7fe7f002c000-7fe7f002d000 r--s 00001000 fd:03 15337242                   /home/daniel/.m2/repository/org/darwinsbox/AnnotationsProcessing/1.1/AnnotationsProcessing-1.1.jar
7fe7f002d000-7fe7f002f000 r--s 00009000 fd:03 6947739                    /home/daniel/.m2/repository/org/darwinsbox/ResourceHandling/2.0-SNAPSHOT/ResourceHandling-2.0-SNAPSHOT.jar
7fe7f002f000-7fe7f0030000 r--s 00002000 fd:03 6817288                    /home/daniel/.m2/repository/org/apache/maven/reporting/maven-reporting-api/2.0.9/maven-reporting-api-2.0.9.jar
7fe7f0030000-7fe7f0033000 r--s 00034000 fd:03 6817285                    /home/daniel/.m2/repository/org/codehaus/plexus/plexus-utils/2.1/plexus-utils-2.1.jar
7fe7f0033000-7fe7f0035000 r--s 00006000 fd:03 6816788                    /home/daniel/.m2/repository/org/apache/maven/shared/maven-common-artifact-filters/1.3/maven-common-artifact-filters-1.3.jar
7fe7f0035000-7fe7f0037000 r--s 0000d000 fd:03 6817287                    /home/daniel/.m2/repository/org/apache/maven/surefire/maven-surefire-common/2.10/maven-surefire-common-2.10.jar
7fe7f0037000-7fe7f003c000 r--s 00023000 fd:03 6817284                    /home/daniel/.m2/repository/org/apache/maven/surefire/surefire-api/2.10/surefire-api-2.10.jar
7fe7f003c000-7fe7f003e000 r--s 00007000 fd:03 6817283                    /home/daniel/.m2/repository/org/apache/maven/surefire/surefire-booter/2.10/surefire-booter-2.10.jar
7fe7f003e000-7fe7f0040000 r--s 00006000 fd:03 6816990                    /home/daniel/.m2/repository/org/apache/maven/plugins/maven-surefire-plugin/2.10/maven-surefire-plugin-2.10.jar
7fe7f0040000-7fe7f0042000 r--s 00002000 fd:03 6817153                    /home/daniel/.m2/repository/org/codehaus/plexus/plexus-compiler-javac/1.8.1/plexus-compiler-javac-1.8.1.jar
7fe7f0042000-7fe7f0044000 r--s 00000000 fd:03 6817152                    /home/daniel/.m2/repository/org/codehaus/plexus/plexus-compiler-manager/1.8.1/plexus-compiler-manager-1.8.1.jar
7fe7f0044000-7fe7f0045000 r--s 00004000 fd:03 6817151                    /home/daniel/.m2/repository/org/codehaus/plexus/plexus-compiler-api/1.8.1/plexus-compiler-api-1.8.1.jar
7fe7f0045000-7fe7f0047000 r--s 00006000 fd:03 6816971                    /home/daniel/.m2/repository/org/apache/maven/plugins/maven-compiler-plugin/2.3.2/maven-compiler-plugin-2.3.2.jar
7fe7f0047000-7fe7f0049000 r--s 0000d000 fd:03 6816914                    /home/daniel/.m2/repository/org/codehaus/plexus/plexus-interpolation/1.13/plexus-interpolation-1.13.jar
7fe7f0049000-7fe7f004a000 r--s 00001000 fd:03 6817105                    /home/daniel/.m2/repository/org/sonatype/plexus/plexus-build-api/0.0.4/plexus-build-api-0.0.4.jar
7fe7f004a000-7fe7f004c000 r--s 00009000 fd:03 6817103                    /home/daniel/.m2/repository/org/apache/maven/shared/maven-filtering/1.0/maven-filtering-1.0.jar
7fe7f004c000-7fe7f004d000 ---p 00000000 00:00 0 
7fe7f004d000-7fe7f1000000 rw-p 00000000 00:00 0                          [stack:12748]
7fe7f1000000-7fe7f1270000 rwxp 00000000 00:00 0 
7fe7f1270000-7fe7f4678000 rw-p 00000000 00:00 0 
7fe7f4678000-7fe7f8000000 ---p 00000000 00:00 0 
7fe7f8000000-7fe7f8004000 r--s 00033000 fd:03 6816917                    /home/daniel/.m2/repository/org/codehaus/plexus/plexus-utils/2.0.5/plexus-utils-2.0.5.jar
7fe7f8004000-7fe7f8007000 r--s 0001b000 fd:03 6816834                    /home/daniel/.m2/repository/junit/junit/3.8.1/junit-3.8.1.jar
7fe7f8007000-7fe7f8009000 r--s 00002000 fd:03 6816782                    /home/daniel/.m2/repository/org/codehaus/plexus/plexus-interactivity-api/1.0-alpha-4/plexus-interactivity-api-1.0-alpha-4.jar
7fe7f8009000-7fe7f800b000 r--s 00006000 fd:03 6816783                    /home/daniel/.m2/repository/commons-cli/commons-cli/1.0/commons-cli-1.0.jar
7fe7f800b000-7fe7f800c000 r--s 00001000 fd:03 6817102                    /home/daniel/.m2/repository/org/apache/maven/doxia/doxia-sink-api/1.0-alpha-7/doxia-sink-api-1.0-alpha-7.jar
7fe7f800c000-7fe7f800e000 r--s 00002000 fd:03 6946872                    /home/daniel/.m2/repository/org/sonatype/plexus/plexus-cipher/1.4/plexus-cipher-1.4.jar
7fe7f800e000-7fe7f800f000 r--s 00006000 fd:03 6817845                    /home/daniel/.m2/repository/org/sonatype/plexus/plexus-sec-dispatcher/1.3/plexus-sec-dispatcher-1.3.jar
7fe7f800f000-7fe7f8011000 r--s 00000000 fd:03 6817839                    /home/daniel/.m2/repository/org/codehaus/plexus/plexus-component-annotations/1.5.5/plexus-component-annotations-1.5.5.jar
7fe7f8011000-7fe7f8014000 ---p 00000000 00:00 0 
7fe7f8014000-7fe7f806a000 rw-p 00000000 00:00 0                          [stack:12758]
7fe7f806a000-7fe7f806d000 r--s 00033000 fd:03 5377259                    /home/daniel/netbeans-7.2/java/maven/lib/plexus-utils-2.0.6.jar
7fe7f806d000-7fe7f8071000 r--s 0001c000 fd:03 5377260                    /home/daniel/netbeans-7.2/java/maven/lib/aether-util-1.13.1.jar
7fe7f8071000-7fe7f8072000 r--s 00002000 fd:03 5377287                    /home/daniel/netbeans-7.2/java/maven/lib/wagon-file-2.2.jar
7fe7f8072000-7fe7f8074000 r--s 00009000 fd:03 5377243                    /home/daniel/netbeans-7.2/java/maven/lib/maven-embedder-3.0.4.jar
7fe7f8074000-7fe7f807b000 r--s 0003e000 fd:03 5377229                    /home/daniel/netbeans-7.2/java/maven/lib/sisu-inject-bean-2.3.0.jar
7fe7f807b000-7fe7f807d000 r--s 00006000 fd:03 5377050                    /home/daniel/netbeans-7.2/java/maven/lib/maven-repository-metadata-3.0.4.jar
7fe7f807d000-7fe7f8082000 r--s 00020000 fd:03 5377184                    /home/daniel/netbeans-7.2/java/maven/lib/maven-model-builder-3.0.4.jar
7fe7f8082000-7fe7f8084000 r--s 00006000 fd:03 5377111                    /home/daniel/netbeans-7.2/java/maven/lib/aether-connector-wagon-1.13.1.jar
7fe7f8084000-7fe7f808c000 r--s 0004e000 fd:03 5377219                    /home/daniel/netbeans-7.2/java/maven/lib/sisu-guice-3.1.0-no_aop.jar
7fe7f808c000-7fe7f8092000 r--s 0003e000 fd:03 5377258                    /home/daniel/netbeans-7.2/java/maven/lib/maven-compat-3.0.4.jar
7fe7f8092000-7fe7f8093000 r--s 00003000 fd:03 5377267                    /home/daniel/netbeans-7.2/java/maven/lib/aether-spi-1.13.1.jar
7fe7f8093000-7fe7f8099000 r--s 0002b000 fd:03 5377202                    /home/daniel/netbeans-7.2/java/maven/lib/sisu-inject-plexus-2.3.0.jar
7fe7f8099000-7fe7f809c000 r--s 0001d000 fd:03 5377257                    /home/daniel/netbeans-7.2/java/maven/lib/aether-impl-1.13.1.jar
7fe7f809c000-7fe7f80ae000 r--s 0009c000 fd:03 5377238                    /home/daniel/netbeans-7.2/java/maven/lib/wagon-http-2.2-shaded.jar
7fe7f80ae000-7fe7f80b1000 r--s 00008000 fd:03 5377134                    /home/daniel/netbeans-7.2/java/maven/lib/maven-settings-builder-3.0.4.jar
7fe7f80b1000-7fe7f80b3000 r--s 0000a000 fd:03 5377230                    /home/daniel/netbeans-7.2/java/maven/lib/maven-plugin-api-3.0.4.jar
7fe7f80b3000-7fe7f80b5000 r--s 0000b000 fd:03 5377228                    /home/daniel/netbeans-7.2/java/maven/lib/wagon-provider-api-2.2.jar
7fe7f80b5000-7fe7f80b7000 r--s 00000000 fd:03 5376951                    /home/daniel/netbeans-7.2/java/maven/lib/plexus-component-annotations-1.5.5.jar
7fe7f80b7000-7fe7f80b9000 r--s 0000b000 fd:03 5377242                    /home/daniel/netbeans-7.2/java/maven/lib/maven-artifact-3.0.4.jar
7fe7f80b9000-7fe7f80bc000 r--s 00025000 fd:03 5377266                    /home/daniel/netbeans-7.2/java/maven/lib/maven-model-3.0.4.jar
7fe7f80bc000-7fe7f80c8000 r--s 0007b000 fd:03 5377278                    /home/daniel/netbeans-7.2/java/maven/lib/maven-core-3.0.4.jar
7fe7f80c8000-7fe7f80ca000 r--s 00002000 fd:03 5377265                    /home/daniel/netbeans-7.2/java/maven/lib/plexus-cipher-1.7.jar
7fe7f80ca000-7fe7f80e8000 r--s 0014f000 fd:03 5377277                    /home/daniel/netbeans-7.2/java/maven/lib/sisu-guava-0.9.9.jar
7fe7f80e8000-7fe7f825e000 rw-p 00000000 00:00 0 
7fe7f825e000-7fe7f842b000 r--s 01ac0000 fd:02 394185                     /usr/java/jdk1.7.0_06/jre/lib/rt.jar
7fe7f842b000-7fe7f8c87000 rw-p 00000000 00:00 0 
7fe7f8c87000-7fe7f8c88000 ---p 00000000 00:00 0 
7fe7f8c88000-7fe7f8d88000 rw-p 00000000 00:00 0                          [stack:12747]
7fe7f8d88000-7fe7f8d89000 ---p 00000000 00:00 0 
7fe7f8d89000-7fe7f8e89000 rw-p 00000000 00:00 0                          [stack:12746]
7fe7f8e89000-7fe7f8e8a000 ---p 00000000 00:00 0 
7fe7f8e8a000-7fe7f8f8a000 rw-p 00000000 00:00 0                          [stack:12745]
7fe7f8f8a000-7fe7f8f8b000 ---p 00000000 00:00 0 
7fe7f8f8b000-7fe7f9097000 rw-p 00000000 00:00 0                          [stack:12744]
7fe7f9097000-7fe7f90b4000 rw-p 00000000 00:00 0 
7fe7f90b4000-7fe7f90c9000 rw-p 00000000 00:00 0 
7fe7f90c9000-7fe7f91f7000 rw-p 00000000 00:00 0 
7fe7f91f7000-7fe7f9203000 rw-p 00000000 00:00 0 
7fe7f9203000-7fe7f9220000 rw-p 00000000 00:00 0 
7fe7f9220000-7fe7f9235000 rw-p 00000000 00:00 0 
7fe7f9235000-7fe7f9362000 rw-p 00000000 00:00 0 
7fe7f9362000-7fe7f93ca000 rw-p 00000000 00:00 0 
7fe7f93ca000-7fe7f9404000 rw-p 00000000 00:00 0 
7fe7f9404000-7fe7f940f000 rw-p 00000000 00:00 0 
7fe7f940f000-7fe7f94c5000 rw-p 00000000 00:00 0 
7fe7f94c5000-7fe7f94df000 r-xp 00000000 fd:02 393934                     /usr/java/jdk1.7.0_06/jre/lib/amd64/libzip.so
7fe7f94df000-7fe7f96df000 ---p 0001a000 fd:02 393934                     /usr/java/jdk1.7.0_06/jre/lib/amd64/libzip.so
7fe7f96df000-7fe7f96e0000 rw-p 0001a000 fd:02 393934                     /usr/java/jdk1.7.0_06/jre/lib/amd64/libzip.so
7fe7f96e0000-7fe7f96ec000 r-xp 00000000 fd:02 164427                     /usr/lib64/libnss_files-2.15.so
7fe7f96ec000-7fe7f98eb000 ---p 0000c000 fd:02 164427                     /usr/lib64/libnss_files-2.15.so
7fe7f98eb000-7fe7f98ec000 r--p 0000b000 fd:02 164427                     /usr/lib64/libnss_files-2.15.so
7fe7f98ec000-7fe7f98ed000 rw-p 0000c000 fd:02 164427                     /usr/lib64/libnss_files-2.15.so
7fe7f98ed000-7fe7f98ee000 r--s 00002000 fd:03 6817101                    /home/daniel/.m2/repository/org/apache/maven/reporting/maven-reporting-api/2.0.6/maven-reporting-api-2.0.6.jar
7fe7f98ee000-7fe7f98f2000 r--s 00033000 fd:03 6817836                    /home/daniel/.m2/repository/org/codehaus/plexus/plexus-utils/2.0.4/plexus-utils-2.0.4.jar
7fe7f98f2000-7fe7f98f4000 r--s 0000d000 fd:03 6817835                    /home/daniel/.m2/repository/org/codehaus/plexus/plexus-interpolation/1.14/plexus-interpolation-1.14.jar
7fe7f98f4000-7fe7f98f7000 r--s 00019000 fd:03 6946870                    /home/daniel/.m2/repository/org/sonatype/aether/aether-util/1.8/aether-util-1.8.jar
7fe7f98f7000-7fe7f9902000 r--s 0006a000 fd:03 6817833                    /home/daniel/.m2/repository/org/sonatype/sisu/sisu-guice/2.9.1/sisu-guice-2.9.1-noaop.jar
7fe7f9902000-7fe7f990a000 rw-s 00000000 fd:02 399693                     /tmp/hsperfdata_daniel/12741
7fe7f990a000-7fe7f9933000 r-xp 00000000 fd:02 393899                     /usr/java/jdk1.7.0_06/jre/lib/amd64/libjava.so
7fe7f9933000-7fe7f9b33000 ---p 00029000 fd:02 393899                     /usr/java/jdk1.7.0_06/jre/lib/amd64/libjava.so
7fe7f9b33000-7fe7f9b35000 rw-p 00029000 fd:02 393899                     /usr/java/jdk1.7.0_06/jre/lib/amd64/libjava.so
7fe7f9b35000-7fe7f9b42000 r-xp 00000000 fd:02 393933                     /usr/java/jdk1.7.0_06/jre/lib/amd64/libverify.so
7fe7f9b42000-7fe7f9d41000 ---p 0000d000 fd:02 393933                     /usr/java/jdk1.7.0_06/jre/lib/amd64/libverify.so
7fe7f9d41000-7fe7f9d43000 rw-p 0000c000 fd:02 393933                     /usr/java/jdk1.7.0_06/jre/lib/amd64/libverify.so
7fe7f9d43000-7fe7f9d46000 ---p 00000000 00:00 0 
7fe7f9d46000-7fe7f9e44000 rw-p 00000000 00:00 0                          [stack:12743]
7fe7f9e44000-7fe7fa88b000 r-xp 00000000 fd:02 393938                     /usr/java/jdk1.7.0_06/jre/lib/amd64/server/libjvm.so
7fe7fa88b000-7fe7faa8a000 ---p 00a47000 fd:02 393938                     /usr/java/jdk1.7.0_06/jre/lib/amd64/server/libjvm.so
7fe7faa8a000-7fe7fab2d000 rw-p 00a46000 fd:02 393938                     /usr/java/jdk1.7.0_06/jre/lib/amd64/server/libjvm.so
7fe7fab2d000-7fe7fab6c000 rw-p 00000000 00:00 0 
7fe7fab6c000-7fe7fab82000 r-xp 00000000 fd:02 393879                     /usr/java/jdk1.7.0_06/jre/lib/amd64/jli/libjli.so
7fe7fab82000-7fe7fad81000 ---p 00016000 fd:02 393879                     /usr/java/jdk1.7.0_06/jre/lib/amd64/jli/libjli.so
7fe7fad81000-7fe7fad82000 rw-p 00015000 fd:02 393879                     /usr/java/jdk1.7.0_06/jre/lib/amd64/jli/libjli.so
7fe7fad82000-7fe7fad83000 rw-p 00000000 00:00 0 
7fe7fad83000-7fe7fad85000 r--s 00005000 fd:03 6816964                    /home/daniel/.m2/repository/org/apache/maven/plugins/maven-resources-plugin/2.5/maven-resources-plugin-2.5.jar
7fe7fad85000-7fe7fad8a000 r--s 00023000 fd:03 6817834                    /home/daniel/.m2/repository/org/sonatype/sisu/sisu-inject-bean/1.4.3.1/sisu-inject-bean-1.4.3.1.jar
7fe7fad8a000-7fe7fad8b000 r--s 00004000 fd:03 6947750                    /home/daniel/.m2/repository/org/bsc/maven/maven-processor-plugin/2.0.6/maven-processor-plugin-2.0.6.jar
7fe7fad8b000-7fe7fad8c000 r--p 00000000 00:00 0 
7fe7fad8c000-7fe7fad90000 r--s 00041000 fd:02 394119                     /usr/java/jdk1.7.0_06/jre/lib/jsse.jar
7fe7fad90000-7fe7fad92000 r--s 0000a000 fd:03 5377241                    /home/daniel/netbeans-7.2/java/maven/lib/maven-settings-3.0.4.jar
7fe7fad92000-7fe7fad94000 r--s 0000c000 fd:03 5377154                    /home/daniel/netbeans-7.2/java/maven/lib/maven-aether-provider-3.0.4.jar
7fe7fad94000-7fe7fad95000 r--s 00009000 fd:03 5377284                    /home/daniel/netbeans-7.2/java/maven/lib/commons-cli-1.2.jar
7fe7fad95000-7fe7fad96000 r--s 00006000 fd:03 5377185                    /home/daniel/netbeans-7.2/java/maven/lib/plexus-sec-dispatcher-1.3.jar
7fe7fad96000-7fe7fad9a000 r--s 00012000 fd:03 5377268                    /home/daniel/netbeans-7.2/java/maven/lib/aether-api-1.13.1.jar
7fe7fad9a000-7fe7fad9c000 r--s 0000d000 fd:03 5377183                    /home/daniel/netbeans-7.2/java/maven/lib/plexus-interpolation-1.14.jar
7fe7fad9c000-7fe7fad9e000 r--s 0000a000 fd:03 5377218                    /home/daniel/netbeans-7.2/java/maven/boot/plexus-classworlds-2.4.jar
7fe7fad9e000-7fe7fad9f000 rw-p 00000000 00:00 0 
7fe7fad9f000-7fe7fada0000 r--p 00000000 00:00 0 
7fe7fada0000-7fe7fada1000 rw-p 00000000 00:00 0 
7fffc7ab9000-7fffc7ada000 rw-p 00000000 00:00 0                          [stack]
7fffc7be7000-7fffc7be8000 r-xp 00000000 00:00 0                          [vdso]
ffffffffff600000-ffffffffff601000 r-xp 00000000 00:00 0                  [vsyscall]

VM Arguments:
jvm_args: -Dclassworlds.conf=/home/daniel/netbeans-7.2/java/maven/bin/m2.conf -Dmaven.home=/home/daniel/netbeans-7.2/java/maven 
java_command: org.codehaus.plexus.classworlds.launcher.Launcher -T 1C -Djava.net.useSystemProxies=true install
Launcher Type: SUN_STANDARD

Environment Variables:
JAVA_HOME=/usr/java/latest
PATH=/usr/lib64/qt-3.3/bin:/usr/lib64/ccache:/usr/local/bin:/usr/bin:/bin:/usr/local/sbin:/usr/sbin:/home/daniel/.local/bin:/home/daniel/bin
USERNAME=daniel
LD_LIBRARY_PATH=/usr/java/latest/jre/lib/amd64:/usr/java/latest/jre/lib/i386:
SHELL=/bin/bash
DISPLAY=:0

Signal Handlers:
SIGSEGV: [libjvm.so+0x8a5a80], sa_mask[0]=0x7ffbfeff, sa_flags=0x10000004
SIGBUS: [libjvm.so+0x8a5a80], sa_mask[0]=0x7ffbfeff, sa_flags=0x10000004
SIGFPE: [libjvm.so+0x741b60], sa_mask[0]=0x7ffbfeff, sa_flags=0x10000004
SIGPIPE: [libjvm.so+0x741b60], sa_mask[0]=0x7ffbfeff, sa_flags=0x10000004
SIGXFSZ: [libjvm.so+0x741b60], sa_mask[0]=0x7ffbfeff, sa_flags=0x10000004
SIGILL: [libjvm.so+0x741b60], sa_mask[0]=0x7ffbfeff, sa_flags=0x10000004
SIGUSR1: SIG_DFL, sa_mask[0]=0x00000000, sa_flags=0x00000000
SIGUSR2: [libjvm.so+0x7414b0], sa_mask[0]=0x00000004, sa_flags=0x10000004
SIGHUP: [libjvm.so+0x743840], sa_mask[0]=0x7ffbfeff, sa_flags=0x10000004
SIGINT: SIG_IGN, sa_mask[0]=0x00000000, sa_flags=0x00000000
SIGTERM: [libjvm.so+0x743840], sa_mask[0]=0x7ffbfeff, sa_flags=0x10000004
SIGQUIT: [libjvm.so+0x743840], sa_mask[0]=0x7ffbfeff, sa_flags=0x10000004


---------------  S Y S T E M  ---------------

OS:Fedora release 17 (Beefy Miracle)

uname:Linux 3.6.10-2.fc17.x86_64 #1 SMP Tue Dec 11 18:07:34 UTC 2012 x86_64
libc:glibc 2.15 NPTL 2.15 
rlimit: STACK 8192k, CORE 0k, NPROC 1024, NOFILE 4096, AS infinity
load average:3,48 3,82 3,39

/proc/meminfo:
MemTotal:        3958952 kB
MemFree:          119844 kB
Buffers:           43472 kB
Cached:           482132 kB
SwapCached:       451316 kB
Active:          2466764 kB
Inactive:        1114096 kB
Active(anon):    2331048 kB
Inactive(anon):   958464 kB
Active(file):     135716 kB
Inactive(file):   155632 kB
Unevictable:         120 kB
Mlocked:             120 kB
SwapTotal:       6062076 kB
SwapFree:        4052968 kB
Dirty:               216 kB
Writeback:             0 kB
AnonPages:       2807548 kB
Mapped:           133384 kB
Shmem:            234148 kB
Slab:             109608 kB
SReclaimable:      50332 kB
SUnreclaim:        59276 kB
KernelStack:        4888 kB
PageTables:        66980 kB
NFS_Unstable:          0 kB
Bounce:                0 kB
WritebackTmp:          0 kB
CommitLimit:     8041552 kB
Committed_AS:    8840376 kB
VmallocTotal:   34359738367 kB
VmallocUsed:      373076 kB
VmallocChunk:   34359350268 kB
HardwareCorrupted:     0 kB
AnonHugePages:   1280000 kB
HugePages_Total:       0
HugePages_Free:        0
HugePages_Rsvd:        0
HugePages_Surp:        0
Hugepagesize:       2048 kB
DirectMap4k:       94196 kB
DirectMap2M:     4016128 kB


CPU:total 4 (2 cores per cpu, 2 threads per core) family 6 model 42 stepping 7, cmov, cx8, fxsr, mmx, sse, sse2, sse3, ssse3, sse4.1, sse4.2, popcnt, avx, ht, tsc, tscinvbit

/proc/cpuinfo:
processor	: 0
vendor_id	: GenuineIntel
cpu family	: 6
model		: 42
model name	: Intel(R) Core(TM) i5-2430M CPU @ 2.40GHz
stepping	: 7
microcode	: 0x28
cpu MHz		: 800.000
cache size	: 3072 KB
physical id	: 0
siblings	: 4
core id		: 0
cpu cores	: 2
apicid		: 0
initial apicid	: 0
fpu		: yes
fpu_exception	: yes
cpuid level	: 13
wp		: yes
flags		: fpu vme de pse tsc msr pae mce cx8 apic sep mtrr pge mca cmov pat pse36 clflush dts acpi mmx fxsr sse sse2 ss ht tm pbe syscall nx rdtscp lm constant_tsc arch_perfmon pebs bts rep_good nopl xtopology nonstop_tsc aperfmperf pni pclmulqdq dtes64 monitor ds_cpl vmx est tm2 ssse3 cx16 xtpr pdcm pcid sse4_1 sse4_2 x2apic popcnt tsc_deadline_timer xsave avx lahf_lm ida arat epb xsaveopt pln pts dtherm tpr_shadow vnmi flexpriority ept vpid
bogomips	: 4789.14
clflush size	: 64
cache_alignment	: 64
address sizes	: 36 bits physical, 48 bits virtual
power management:

processor	: 1
vendor_id	: GenuineIntel
cpu family	: 6
model		: 42
model name	: Intel(R) Core(TM) i5-2430M CPU @ 2.40GHz
stepping	: 7
microcode	: 0x28
cpu MHz		: 800.000
cache size	: 3072 KB
physical id	: 0
siblings	: 4
core id		: 1
cpu cores	: 2
apicid		: 2
initial apicid	: 2
fpu		: yes
fpu_exception	: yes
cpuid level	: 13
wp		: yes
flags		: fpu vme de pse tsc msr pae mce cx8 apic sep mtrr pge mca cmov pat pse36 clflush dts acpi mmx fxsr sse sse2 ss ht tm pbe syscall nx rdtscp lm constant_tsc arch_perfmon pebs bts rep_good nopl xtopology nonstop_tsc aperfmperf pni pclmulqdq dtes64 monitor ds_cpl vmx est tm2 ssse3 cx16 xtpr pdcm pcid sse4_1 sse4_2 x2apic popcnt tsc_deadline_timer xsave avx lahf_lm ida arat epb xsaveopt pln pts dtherm tpr_shadow vnmi flexpriority ept vpid
bogomips	: 4789.14
clflush size	: 64
cache_alignment	: 64
address sizes	: 36 bits physical, 48 bits virtual
power management:

processor	: 2
vendor_id	: GenuineIntel
cpu family	: 6
model		: 42
model name	: Intel(R) Core(TM) i5-2430M CPU @ 2.40GHz
stepping	: 7
microcode	: 0x28
cpu MHz		: 800.000
cache size	: 3072 KB
physical id	: 0
siblings	: 4
core id		: 0
cpu cores	: 2
apicid		: 1
initial apicid	: 1
fpu		: yes
fpu_exception	: yes
cpuid level	: 13
wp		: yes
flags		: fpu vme de pse tsc msr pae mce cx8 apic sep mtrr pge mca cmov pat pse36 clflush dts acpi mmx fxsr sse sse2 ss ht tm pbe syscall nx rdtscp lm constant_tsc arch_perfmon pebs bts rep_good nopl xtopology nonstop_tsc aperfmperf pni pclmulqdq dtes64 monitor ds_cpl vmx est tm2 ssse3 cx16 xtpr pdcm pcid sse4_1 sse4_2 x2apic popcnt tsc_deadline_timer xsave avx lahf_lm ida arat epb xsaveopt pln pts dtherm tpr_shadow vnmi flexpriority ept vpid
bogomips	: 4789.14
clflush size	: 64
cache_alignment	: 64
address sizes	: 36 bits physical, 48 bits virtual
power management:

processor	: 3
vendor_id	: GenuineIntel
cpu family	: 6
model		: 42
model name	: Intel(R) Core(TM) i5-2430M CPU @ 2.40GHz
stepping	: 7
microcode	: 0x28
cpu MHz		: 800.000
cache size	: 3072 KB
physical id	: 0
siblings	: 4
core id		: 1
cpu cores	: 2
apicid		: 3
initial apicid	: 3
fpu		: yes
fpu_exception	: yes
cpuid level	: 13
wp		: yes
flags		: fpu vme de pse tsc msr pae mce cx8 apic sep mtrr pge mca cmov pat pse36 clflush dts acpi mmx fxsr sse sse2 ss ht tm pbe syscall nx rdtscp lm constant_tsc arch_perfmon pebs bts rep_good nopl xtopology nonstop_tsc aperfmperf pni pclmulqdq dtes64 monitor ds_cpl vmx est tm2 ssse3 cx16 xtpr pdcm pcid sse4_1 sse4_2 x2apic popcnt tsc_deadline_timer xsave avx lahf_lm ida arat epb xsaveopt pln pts dtherm tpr_shadow vnmi flexpriority ept vpid
bogomips	: 4789.14
clflush size	: 64
cache_alignment	: 64
address sizes	: 36 bits physical, 48 bits virtual
power management:



Memory: 4k page, physical 3958952k(119844k free), swap 6062076k(4052968k free)

vm_info: Java HotSpot(TM) 64-Bit Server VM (23.2-b09) for linux-amd64 JRE (1.7.0_06-b24), built on Aug  9 2012 19:49:48 by "java_re" with gcc 4.3.0 20080428 (Red Hat 4.3.0-8)

time: Thu Jan  3 18:57:06 2013
elapsed time: 29 seconds

